✅ Gradio一時ディレクトリの書き込み権限確認完了: /home/labuser/multimodal_retrieval/temp/gradio
📁 Gradio一時ディレクトリを設定しました: /home/labuser/multimodal_retrieval/temp/gradio
一時ディレクトリクリーンアップスレッドを開始しました。間隔: 120分
古いセッションディレクトリを削除しました: session_78e02ffb
古いセッションディレクトリを削除しました: session_95446833
古いセッションディレクトリを削除しました: session_ddb5e753
古いセッションディレクトリを削除しました: session_b145d814
古いセッションディレクトリを削除しました: session_f75c2fd5
古いセッションディレクトリを削除しました: session_46a9cde8
古いセッションディレクトリを削除しました: session_dec35b6f
古いセッションディレクトリを削除しました: session_6db47fad
古いセッションディレクトリを削除しました: session_2524499f
古いセッションディレクトリを削除しました: session_98f8b06e
古いセッションディレクトリを削除しました: session_b4f58e2a
古いセッションディレクトリを削除しました: session_d303941b
古いセッションディレクトリを削除しました: session_0ebf78bb
古いセッションディレクトリを削除しました: session_36638cdc
古いセッションディレクトリを削除しました: session_9533e8e1
古いセッションディレクトリを削除しました: session_316066dd
古いセッションディレクトリを削除しました: session_09f88610
古いセッションディレクトリを削除しました: session_c3cebd65
古いセッションディレクトリを削除しました: session_88671f43
古いセッションディレクトリを削除しました: session_751859bb
古いセッションディレクトリを削除しました: session_b71aa4b6
古いセッションディレクトリを削除しました: session_d1b9433f
古いセッションディレクトリを削除しました: session_9a835fda
クリーンアップ完了: セッション 23個、Gradio一時ファイル 7個を削除しました。
* Running on local URL:  http://0.0.0.0:8002
* To create a public link, set `share=True` in `launch()`.
